2023-09-16T09:06:28.642469+00:00 INFO 'ansible_navigator.setup_logger' New ansible-navigator instance, logging initialized
2023-09-16T09:06:28.645683+00:00 INFO 'ansible_navigator.setup_logger' New ansible-runner instance, logging initialized
2023-09-16T09:06:28.645820+00:00 DEBUG 'ansible_navigator.main' Jinja2==3.1.2 
2023-09-16T09:06:28.645897+00:00 DEBUG 'ansible_navigator.main' MarkupSafe==2.1.3 
2023-09-16T09:06:28.645965+00:00 DEBUG 'ansible_navigator.main' Parsley==1.3 
2023-09-16T09:06:28.646030+00:00 DEBUG 'ansible_navigator.main' PySocks==1.7.1 
2023-09-16T09:06:28.646093+00:00 DEBUG 'ansible_navigator.main' PyYAML==5.4.1 
2023-09-16T09:06:28.646152+00:00 DEBUG 'ansible_navigator.main' Pygments==2.16.1 
2023-09-16T09:06:28.646218+00:00 DEBUG 'ansible_navigator.main' ansible-builder==3.0.0 
2023-09-16T09:06:28.646369+00:00 DEBUG 'ansible_navigator.main' ansible-compat==4.1.10 
2023-09-16T09:06:28.646487+00:00 DEBUG 'ansible_navigator.main' ansible-core==2.15.4 
2023-09-16T09:06:28.646557+00:00 DEBUG 'ansible_navigator.main' ansible-lint==6.19.0 
2023-09-16T09:06:28.646616+00:00 DEBUG 'ansible_navigator.main' ansible-navigator==3.4.2 
2023-09-16T09:06:28.646675+00:00 DEBUG 'ansible_navigator.main' ansible-runner==2.3.4 
2023-09-16T09:06:28.646734+00:00 DEBUG 'ansible_navigator.main' attrs==23.1.0 /home/admin/.local/lib/python3.9/site-packages/attrs/__init__.py
2023-09-16T09:06:28.646880+00:00 DEBUG 'ansible_navigator.main' bindep==2.11.0 /home/admin/.local/lib/python3.9/site-packages/bindep/__init__.py
2023-09-16T09:06:28.646947+00:00 DEBUG 'ansible_navigator.main' black==23.9.1 /home/admin/.local/lib/python3.9/site-packages/black/__init__.cpython-39-x86_64-linux-gnu.so
2023-09-16T09:06:28.647007+00:00 DEBUG 'ansible_navigator.main' bracex==2.4 /home/admin/.local/lib/python3.9/site-packages/bracex/__init__.py
2023-09-16T09:06:28.647067+00:00 DEBUG 'ansible_navigator.main' certifi==2023.7.22 /home/admin/.local/lib/python3.9/site-packages/certifi/__init__.py
2023-09-16T09:06:28.647133+00:00 DEBUG 'ansible_navigator.main' cffi==1.15.1 /home/admin/.local/lib/python3.9/site-packages/cffi/__init__.py
2023-09-16T09:06:28.647198+00:00 DEBUG 'ansible_navigator.main' chardet==4.0.0 /usr/lib/python3.9/site-packages/chardet/__init__.py
2023-09-16T09:06:28.647263+00:00 DEBUG 'ansible_navigator.main' charset-normalizer==3.2.0 
2023-09-16T09:06:28.647327+00:00 DEBUG 'ansible_navigator.main' click==8.1.7 /home/admin/.local/lib/python3.9/site-packages/click/__init__.py
2023-09-16T09:06:28.647392+00:00 DEBUG 'ansible_navigator.main' cryptography==41.0.3 /home/admin/.local/lib/python3.9/site-packages/cryptography/__init__.py
2023-09-16T09:06:28.647537+00:00 DEBUG 'ansible_navigator.main' dbus-python==1.2.18 
2023-09-16T09:06:28.647601+00:00 DEBUG 'ansible_navigator.main' decorator==4.4.2 /usr/lib/python3.9/site-packages/decorator.py
2023-09-16T09:06:28.647660+00:00 DEBUG 'ansible_navigator.main' distro==1.8.0 /home/admin/.local/lib/python3.9/site-packages/distro/__init__.py
2023-09-16T09:06:28.647719+00:00 DEBUG 'ansible_navigator.main' docutils==0.20.1 /home/admin/.local/lib/python3.9/site-packages/docutils/__init__.py
2023-09-16T09:06:28.647779+00:00 DEBUG 'ansible_navigator.main' ethtool==0.15 /usr/lib64/python3.9/site-packages/ethtool.cpython-39-x86_64-linux-gnu.so
2023-09-16T09:06:28.647838+00:00 DEBUG 'ansible_navigator.main' file-magic==0.4.0 
2023-09-16T09:06:28.647897+00:00 DEBUG 'ansible_navigator.main' filelock==3.12.4 /home/admin/.local/lib/python3.9/site-packages/filelock/__init__.py
2023-09-16T09:06:28.647956+00:00 DEBUG 'ansible_navigator.main' idna==2.10 /usr/lib/python3.9/site-packages/idna/__init__.py
2023-09-16T09:06:28.648015+00:00 DEBUG 'ansible_navigator.main' importlib-metadata==6.2.1 
2023-09-16T09:06:28.648074+00:00 DEBUG 'ansible_navigator.main' importlib-resources==5.0.7 
2023-09-16T09:06:28.648133+00:00 DEBUG 'ansible_navigator.main' iniparse==0.4 /usr/lib/python3.9/site-packages/iniparse/__init__.py
2023-09-16T09:06:28.648192+00:00 DEBUG 'ansible_navigator.main' jsonschema-specifications==2023.7.1 
2023-09-16T09:06:28.648251+00:00 DEBUG 'ansible_navigator.main' jsonschema==4.19.0 /home/admin/.local/lib/python3.9/site-packages/jsonschema/__init__.py
2023-09-16T09:06:28.648319+00:00 DEBUG 'ansible_navigator.main' lockfile==0.12.2 /home/admin/.local/lib/python3.9/site-packages/lockfile/__init__.py
2023-09-16T09:06:28.648403+00:00 DEBUG 'ansible_navigator.main' markdown-it-py==3.0.0 
2023-09-16T09:06:28.648508+00:00 DEBUG 'ansible_navigator.main' mdurl==0.1.2 /home/admin/.local/lib/python3.9/site-packages/mdurl/__init__.py
2023-09-16T09:06:28.648570+00:00 DEBUG 'ansible_navigator.main' mypy-extensions==1.0.0 
2023-09-16T09:06:28.648630+00:00 DEBUG 'ansible_navigator.main' onigurumacffi==1.2.0 /home/admin/.local/lib/python3.9/site-packages/onigurumacffi.py
2023-09-16T09:06:28.648689+00:00 DEBUG 'ansible_navigator.main' packaging==23.1 /home/admin/.local/lib/python3.9/site-packages/packaging/__init__.py
2023-09-16T09:06:28.648748+00:00 DEBUG 'ansible_navigator.main' pathspec==0.11.2 /home/admin/.local/lib/python3.9/site-packages/pathspec/__init__.py
2023-09-16T09:06:28.648807+00:00 DEBUG 'ansible_navigator.main' pbr==5.11.1 /home/admin/.local/lib/python3.9/site-packages/pbr/__init__.py
2023-09-16T09:06:28.648866+00:00 DEBUG 'ansible_navigator.main' pexpect==4.8.0 /home/admin/.local/lib/python3.9/site-packages/pexpect/__init__.py
2023-09-16T09:06:28.648925+00:00 DEBUG 'ansible_navigator.main' pip==21.2.3 /usr/lib/python3.9/site-packages/pip/__init__.py
2023-09-16T09:06:28.648984+00:00 DEBUG 'ansible_navigator.main' platformdirs==3.10.0 /home/admin/.local/lib/python3.9/site-packages/platformdirs/__init__.py
2023-09-16T09:06:28.649043+00:00 DEBUG 'ansible_navigator.main' ptyprocess==0.7.0 /home/admin/.local/lib/python3.9/site-packages/ptyprocess/__init__.py
2023-09-16T09:06:28.649102+00:00 DEBUG 'ansible_navigator.main' pycparser==2.21 /home/admin/.local/lib/python3.9/site-packages/pycparser/__init__.py
2023-09-16T09:06:28.649161+00:00 DEBUG 'ansible_navigator.main' pyinotify==0.9.6 /usr/lib/python3.9/site-packages/pyinotify.py
2023-09-16T09:06:28.649220+00:00 DEBUG 'ansible_navigator.main' python-daemon==3.0.1 
2023-09-16T09:06:28.649279+00:00 DEBUG 'ansible_navigator.main' python-dateutil==2.8.1 
2023-09-16T09:06:28.649338+00:00 DEBUG 'ansible_navigator.main' referencing==0.30.2 /home/admin/.local/lib/python3.9/site-packages/referencing/__init__.py
2023-09-16T09:06:28.649466+00:00 DEBUG 'ansible_navigator.main' requests==2.31.0 /home/admin/.local/lib/python3.9/site-packages/requests/__init__.py
2023-09-16T09:06:28.649531+00:00 DEBUG 'ansible_navigator.main' requirements-parser==0.5.0 
2023-09-16T09:06:28.649590+00:00 DEBUG 'ansible_navigator.main' resolvelib==1.0.1 /home/admin/.local/lib/python3.9/site-packages/resolvelib/__init__.py
2023-09-16T09:06:28.649650+00:00 DEBUG 'ansible_navigator.main' rich==13.5.2 /home/admin/.local/lib/python3.9/site-packages/rich/__init__.py
2023-09-16T09:06:28.649709+00:00 DEBUG 'ansible_navigator.main' rpds-py==0.10.3 
2023-09-16T09:06:28.649771+00:00 DEBUG 'ansible_navigator.main' ruamel.yaml.clib==0.2.7 
2023-09-16T09:06:28.649836+00:00 DEBUG 'ansible_navigator.main' ruamel.yaml==0.17.32 /home/admin/.local/lib/python3.9/site-packages/ruamel/yaml/__init__.py
2023-09-16T09:06:28.649901+00:00 DEBUG 'ansible_navigator.main' selinux==3.5 /usr/lib64/python3.9/site-packages/selinux/__init__.py
2023-09-16T09:06:28.649965+00:00 DEBUG 'ansible_navigator.main' sepolicy==3.5 /usr/lib/python3.9/site-packages/sepolicy/__init__.py
2023-09-16T09:06:28.650030+00:00 DEBUG 'ansible_navigator.main' setools==4.4.1 /usr/lib64/python3.9/site-packages/setools/__init__.py
2023-09-16T09:06:28.650094+00:00 DEBUG 'ansible_navigator.main' setuptools==68.2.2 /home/admin/.local/lib/python3.9/site-packages/setuptools/__init__.py
2023-09-16T09:06:28.650157+00:00 DEBUG 'ansible_navigator.main' six==1.15.0 /usr/lib/python3.9/site-packages/six.py
2023-09-16T09:06:28.650222+00:00 DEBUG 'ansible_navigator.main' subprocess-tee==0.4.1 
2023-09-16T09:06:28.650286+00:00 DEBUG 'ansible_navigator.main' subscription-manager==1.29.33.1 
2023-09-16T09:06:28.650446+00:00 DEBUG 'ansible_navigator.main' tomli==2.0.1 /home/admin/.local/lib/python3.9/site-packages/tomli/__init__.py
2023-09-16T09:06:28.650551+00:00 DEBUG 'ansible_navigator.main' types-setuptools==68.2.0.0 
2023-09-16T09:06:28.650613+00:00 DEBUG 'ansible_navigator.main' typing_extensions==4.7.1 /home/admin/.local/lib/python3.9/site-packages/typing_extensions.py
2023-09-16T09:06:28.650672+00:00 DEBUG 'ansible_navigator.main' tzdata==2023.3 /home/admin/.local/lib/python3.9/site-packages/tzdata/__init__.py
2023-09-16T09:06:28.650731+00:00 DEBUG 'ansible_navigator.main' urllib3==1.26.5 /usr/lib/python3.9/site-packages/urllib3/__init__.py
2023-09-16T09:06:28.650790+00:00 DEBUG 'ansible_navigator.main' wcmatch==8.5 /home/admin/.local/lib/python3.9/site-packages/wcmatch/__init__.py
2023-09-16T09:06:28.650849+00:00 DEBUG 'ansible_navigator.main' yamllint==1.32.0 /home/admin/.local/lib/python3.9/site-packages/yamllint/__init__.py
2023-09-16T09:06:28.650909+00:00 DEBUG 'ansible_navigator.main' zipp==3.16.2 /home/admin/.local/lib/python3.9/site-packages/zipp/__init__.py
2023-09-16T09:06:28.650968+00:00 DEBUG 'ansible_navigator.main' Default collection_doc_cache_path set to: /home/admin/.cache/ansible-navigator/collection_doc_cache.db
2023-09-16T09:06:28.651027+00:00 DEBUG 'ansible_navigator.main' EDITOR environment variable not set
2023-09-16T09:06:28.651086+00:00 DEBUG 'ansible_navigator.main' Default editor_command set to: vi +{line_number} {filename}
2023-09-16T09:06:28.651145+00:00 DEBUG 'ansible_navigator.main' No config file set by ANSIBLE_NAVIGATOR_CONFIG
2023-09-16T09:06:28.651205+00:00 DEBUG 'ansible_navigator.main' Looking in /home/admin
2023-09-16T09:06:28.651263+00:00 DEBUG 'ansible_navigator.main' Looking for '/home/admin/.ansible-navigator.yml', '/home/admin/.ansible-navigator.yaml' and '/home/admin/.ansible-navigator.json'
2023-09-16T09:06:28.651366+00:00 DEBUG 'ansible_navigator.main' Found 0: 
2023-09-16T09:06:28.651475+00:00 DEBUG 'ansible_navigator.main' Looking in /home/admin/ansible
2023-09-16T09:06:28.651538+00:00 DEBUG 'ansible_navigator.main' Looking for '/home/admin/ansible/ansible-navigator.yml', '/home/admin/ansible/ansible-navigator.yaml' and '/home/admin/ansible/ansible-navigator.json'
2023-09-16T09:06:28.651630+00:00 DEBUG 'ansible_navigator.main' Found 0: 
2023-09-16T09:06:28.651725+00:00 DEBUG 'ansible_navigator.main' All found 0: 
2023-09-16T09:06:28.651816+00:00 DEBUG 'ansible_navigator.main' Using: None
2023-09-16T09:06:28.651906+00:00 DEBUG 'ansible_navigator.main' No valid settings file found, using all default values for settings.
2023-09-16T09:06:28.651987+00:00 DEBUG 'ansible_navigator.main' Command provided: 'yum_repo.yml'
2023-09-16T09:06:28.652056+00:00 WARNING 'ansible_navigator.main' Configuration errors encountered, rolling back to previous configuration.
2023-09-16T09:06:28.652117+00:00 DEBUG 'ansible_navigator.main' Prior to rollback: ansible_runner_artifact_dir = 'Not set' (Constants/Not set)
2023-09-16T09:06:28.652176+00:00 DEBUG 'ansible_navigator.main' Prior to rollback: ansible_runner_rotate_artifacts_count = 'Not set' (Constants/Not set)
2023-09-16T09:06:28.652236+00:00 DEBUG 'ansible_navigator.main' Prior to rollback: ansible_runner_timeout = 'Not set' (Constants/Not set)
2023-09-16T09:06:28.652329+00:00 DEBUG 'ansible_navigator.main' Prior to rollback: ansible_runner_write_job_events = 'False' (bool/Defaults)
2023-09-16T09:06:28.652447+00:00 DEBUG 'ansible_navigator.main' Prior to rollback: app = 'welcome' (str/Defaults)
2023-09-16T09:06:28.652507+00:00 DEBUG 'ansible_navigator.main' Prior to rollback: cmdline = '['yum_repo.yml']' (list/Command line)
2023-09-16T09:06:28.652566+00:00 DEBUG 'ansible_navigator.main' Prior to rollback: collection_doc_cache_path = '/home/admin/.cache/ansible-navigator/collection_doc_cache.db' (str/Defaults)
2023-09-16T09:06:28.652626+00:00 DEBUG 'ansible_navigator.main' Prior to rollback: config = 'Not set' (Constants/Not set)
2023-09-16T09:06:28.652685+00:00 DEBUG 'ansible_navigator.main' Prior to rollback: container_engine = 'auto' (str/Defaults)
2023-09-16T09:06:28.652753+00:00 DEBUG 'ansible_navigator.main' Prior to rollback: container_options = 'Not set' (Constants/Not set)
2023-09-16T09:06:28.652813+00:00 DEBUG 'ansible_navigator.main' Prior to rollback: display_color = 'True' (bool/Defaults)
2023-09-16T09:06:28.652873+00:00 DEBUG 'ansible_navigator.main' Prior to rollback: editor_command = 'vi +{line_number} {filename}' (str/Defaults)
2023-09-16T09:06:28.652932+00:00 DEBUG 'ansible_navigator.main' Prior to rollback: editor_console = 'True' (bool/Defaults)
2023-09-16T09:06:28.652991+00:00 DEBUG 'ansible_navigator.main' Prior to rollback: enable_prompts = 'False' (bool/Defaults)
2023-09-16T09:06:28.653051+00:00 DEBUG 'ansible_navigator.main' Prior to rollback: exec_command = '/bin/bash' (str/Defaults)
2023-09-16T09:06:28.653110+00:00 DEBUG 'ansible_navigator.main' Prior to rollback: exec_shell = 'True' (bool/Defaults)
2023-09-16T09:06:28.653169+00:00 DEBUG 'ansible_navigator.main' Prior to rollback: execution_environment = 'True' (bool/Defaults)
2023-09-16T09:06:28.653228+00:00 DEBUG 'ansible_navigator.main' Prior to rollback: execution_environment_image = 'ghcr.io/ansible/creator-ee:v0.18.0' (str/Defaults)
2023-09-16T09:06:28.653343+00:00 DEBUG 'ansible_navigator.main' Prior to rollback: execution_environment_volume_mounts = 'Not set' (Constants/Not set)
2023-09-16T09:06:28.653415+00:00 DEBUG 'ansible_navigator.main' Prior to rollback: format = 'yaml' (str/Defaults)
2023-09-16T09:06:28.653475+00:00 DEBUG 'ansible_navigator.main' Prior to rollback: help_builder = 'False' (bool/Defaults)
2023-09-16T09:06:28.653535+00:00 DEBUG 'ansible_navigator.main' Prior to rollback: help_config = 'False' (bool/Defaults)
2023-09-16T09:06:28.653594+00:00 DEBUG 'ansible_navigator.main' Prior to rollback: help_doc = 'False' (bool/Defaults)
2023-09-16T09:06:28.653654+00:00 DEBUG 'ansible_navigator.main' Prior to rollback: help_inventory = 'False' (bool/Defaults)
2023-09-16T09:06:28.653713+00:00 DEBUG 'ansible_navigator.main' Prior to rollback: help_playbook = 'False' (bool/Defaults)
2023-09-16T09:06:28.653772+00:00 DEBUG 'ansible_navigator.main' Prior to rollback: images_details = '['everything']' (list/Defaults)
2023-09-16T09:06:28.653831+00:00 DEBUG 'ansible_navigator.main' Prior to rollback: inventory = 'Not set' (Constants/Not set)
2023-09-16T09:06:28.653890+00:00 DEBUG 'ansible_navigator.main' Prior to rollback: inventory_column = 'Not set' (Constants/Not set)
2023-09-16T09:06:28.653949+00:00 DEBUG 'ansible_navigator.main' Prior to rollback: lint_config = 'Not set' (Constants/Not set)
2023-09-16T09:06:28.654007+00:00 DEBUG 'ansible_navigator.main' Prior to rollback: lintables = 'Not set' (Constants/Not set)
2023-09-16T09:06:28.654066+00:00 DEBUG 'ansible_navigator.main' Prior to rollback: log_append = 'True' (bool/Defaults)
2023-09-16T09:06:28.654125+00:00 DEBUG 'ansible_navigator.main' Prior to rollback: log_file = '/home/admin/ansible/ansible-navigator.log' (str/Defaults)
2023-09-16T09:06:28.654184+00:00 DEBUG 'ansible_navigator.main' Prior to rollback: log_level = 'warning' (str/Defaults)
2023-09-16T09:06:28.654284+00:00 DEBUG 'ansible_navigator.main' Prior to rollback: mode = 'interactive' (str/Defaults)
2023-09-16T09:06:28.654404+00:00 DEBUG 'ansible_navigator.main' Prior to rollback: osc4 = 'True' (bool/Defaults)
2023-09-16T09:06:28.654466+00:00 DEBUG 'ansible_navigator.main' Prior to rollback: pass_environment_variable = 'Not set' (Constants/Not set)
2023-09-16T09:06:28.654526+00:00 DEBUG 'ansible_navigator.main' Prior to rollback: playbook = 'Not set' (Constants/Not set)
2023-09-16T09:06:28.654585+00:00 DEBUG 'ansible_navigator.main' Prior to rollback: playbook_artifact_enable = 'True' (bool/Defaults)
2023-09-16T09:06:28.654644+00:00 DEBUG 'ansible_navigator.main' Prior to rollback: playbook_artifact_replay = 'Not set' (Constants/Not set)
2023-09-16T09:06:28.654703+00:00 DEBUG 'ansible_navigator.main' Prior to rollback: playbook_artifact_save_as = '{playbook_dir}/{playbook_name}-artifact-{time_stamp}.json' (str/Defaults)
2023-09-16T09:06:28.654763+00:00 DEBUG 'ansible_navigator.main' Prior to rollback: plugin_name = 'Not set' (Constants/Not set)
2023-09-16T09:06:28.654828+00:00 DEBUG 'ansible_navigator.main' Prior to rollback: plugin_type = 'module' (str/Defaults)
2023-09-16T09:06:28.654888+00:00 DEBUG 'ansible_navigator.main' Prior to rollback: pull_arguments = 'Not set' (Constants/Not set)
2023-09-16T09:06:28.654948+00:00 DEBUG 'ansible_navigator.main' Prior to rollback: pull_policy = 'tag' (str/Defaults)
2023-09-16T09:06:28.655007+00:00 DEBUG 'ansible_navigator.main' Prior to rollback: set_environment_variable = 'Not set' (Constants/Not set)
2023-09-16T09:06:28.655067+00:00 DEBUG 'ansible_navigator.main' Prior to rollback: settings_effective = 'False' (bool/Defaults)
2023-09-16T09:06:28.655126+00:00 DEBUG 'ansible_navigator.main' Prior to rollback: settings_sample = 'False' (bool/Defaults)
2023-09-16T09:06:28.655185+00:00 DEBUG 'ansible_navigator.main' Prior to rollback: settings_schema = 'json' (str/Defaults)
2023-09-16T09:06:28.655304+00:00 DEBUG 'ansible_navigator.main' Prior to rollback: settings_sources = 'False' (bool/Defaults)
2023-09-16T09:06:28.655374+00:00 DEBUG 'ansible_navigator.main' Prior to rollback: time_zone = 'UTC' (str/Defaults)
2023-09-16T09:06:28.655435+00:00 DEBUG 'ansible_navigator.main' Prior to rollback: workdir = '/home/admin/ansible' (str/Defaults)
2023-09-16T09:06:28.655494+00:00 DEBUG 'ansible_navigator.main' After rollback: ansible_runner_artifact_dir = 'Not set' (Constants/Not set)
2023-09-16T09:06:28.655553+00:00 DEBUG 'ansible_navigator.main' After rollback: ansible_runner_rotate_artifacts_count = 'Not set' (Constants/Not set)
2023-09-16T09:06:28.655613+00:00 DEBUG 'ansible_navigator.main' After rollback: ansible_runner_timeout = 'Not set' (Constants/Not set)
2023-09-16T09:06:28.655672+00:00 DEBUG 'ansible_navigator.main' After rollback: ansible_runner_write_job_events = 'Not set' (Constants/Not set)
2023-09-16T09:06:28.655732+00:00 DEBUG 'ansible_navigator.main' After rollback: app = 'Not set' (Constants/Not set)
2023-09-16T09:06:28.655791+00:00 DEBUG 'ansible_navigator.main' After rollback: cmdline = 'Not set' (Constants/Not set)
2023-09-16T09:06:28.655850+00:00 DEBUG 'ansible_navigator.main' After rollback: collection_doc_cache_path = 'Not set' (Constants/Not set)
2023-09-16T09:06:28.655910+00:00 DEBUG 'ansible_navigator.main' After rollback: config = 'Not set' (Constants/Not set)
2023-09-16T09:06:28.655969+00:00 DEBUG 'ansible_navigator.main' After rollback: container_engine = 'Not set' (Constants/Not set)
2023-09-16T09:06:28.656029+00:00 DEBUG 'ansible_navigator.main' After rollback: container_options = 'Not set' (Constants/Not set)
2023-09-16T09:06:28.656088+00:00 DEBUG 'ansible_navigator.main' After rollback: display_color = 'Not set' (Constants/Not set)
2023-09-16T09:06:28.656147+00:00 DEBUG 'ansible_navigator.main' After rollback: editor_command = 'Not set' (Constants/Not set)
2023-09-16T09:06:28.656258+00:00 DEBUG 'ansible_navigator.main' After rollback: editor_console = 'Not set' (Constants/Not set)
2023-09-16T09:06:28.656332+00:00 DEBUG 'ansible_navigator.main' After rollback: enable_prompts = 'Not set' (Constants/Not set)
2023-09-16T09:06:28.656393+00:00 DEBUG 'ansible_navigator.main' After rollback: exec_command = 'Not set' (Constants/Not set)
2023-09-16T09:06:28.656452+00:00 DEBUG 'ansible_navigator.main' After rollback: exec_shell = 'Not set' (Constants/Not set)
2023-09-16T09:06:28.656545+00:00 DEBUG 'ansible_navigator.main' After rollback: execution_environment = 'Not set' (Constants/Not set)
2023-09-16T09:06:28.656604+00:00 DEBUG 'ansible_navigator.main' After rollback: execution_environment_image = 'Not set' (Constants/Not set)
2023-09-16T09:06:28.656663+00:00 DEBUG 'ansible_navigator.main' After rollback: execution_environment_volume_mounts = 'Not set' (Constants/Not set)
2023-09-16T09:06:28.656723+00:00 DEBUG 'ansible_navigator.main' After rollback: format = 'Not set' (Constants/Not set)
2023-09-16T09:06:28.656782+00:00 DEBUG 'ansible_navigator.main' After rollback: help_builder = 'Not set' (Constants/Not set)
2023-09-16T09:06:28.656849+00:00 DEBUG 'ansible_navigator.main' After rollback: help_config = 'Not set' (Constants/Not set)
2023-09-16T09:06:28.656909+00:00 DEBUG 'ansible_navigator.main' After rollback: help_doc = 'Not set' (Constants/Not set)
2023-09-16T09:06:28.656968+00:00 DEBUG 'ansible_navigator.main' After rollback: help_inventory = 'Not set' (Constants/Not set)
2023-09-16T09:06:28.657027+00:00 DEBUG 'ansible_navigator.main' After rollback: help_playbook = 'Not set' (Constants/Not set)
2023-09-16T09:06:28.657087+00:00 DEBUG 'ansible_navigator.main' After rollback: images_details = 'Not set' (Constants/Not set)
2023-09-16T09:06:28.657146+00:00 DEBUG 'ansible_navigator.main' After rollback: inventory = 'Not set' (Constants/Not set)
2023-09-16T09:06:28.657272+00:00 DEBUG 'ansible_navigator.main' After rollback: inventory_column = 'Not set' (Constants/Not set)
2023-09-16T09:06:28.657338+00:00 DEBUG 'ansible_navigator.main' After rollback: lint_config = 'Not set' (Constants/Not set)
2023-09-16T09:06:28.657398+00:00 DEBUG 'ansible_navigator.main' After rollback: lintables = 'Not set' (Constants/Not set)
2023-09-16T09:06:28.657459+00:00 DEBUG 'ansible_navigator.main' After rollback: log_append = 'Not set' (Constants/Not set)
2023-09-16T09:06:28.657518+00:00 DEBUG 'ansible_navigator.main' After rollback: log_file = 'Not set' (Constants/Not set)
2023-09-16T09:06:28.657578+00:00 DEBUG 'ansible_navigator.main' After rollback: log_level = 'Not set' (Constants/Not set)
2023-09-16T09:06:28.657637+00:00 DEBUG 'ansible_navigator.main' After rollback: mode = 'Not set' (Constants/Not set)
2023-09-16T09:06:28.657696+00:00 DEBUG 'ansible_navigator.main' After rollback: osc4 = 'Not set' (Constants/Not set)
2023-09-16T09:06:28.657755+00:00 DEBUG 'ansible_navigator.main' After rollback: pass_environment_variable = 'Not set' (Constants/Not set)
2023-09-16T09:06:28.657814+00:00 DEBUG 'ansible_navigator.main' After rollback: playbook = 'Not set' (Constants/Not set)
2023-09-16T09:06:28.657873+00:00 DEBUG 'ansible_navigator.main' After rollback: playbook_artifact_enable = 'Not set' (Constants/Not set)
2023-09-16T09:06:28.657933+00:00 DEBUG 'ansible_navigator.main' After rollback: playbook_artifact_replay = 'Not set' (Constants/Not set)
2023-09-16T09:06:28.657992+00:00 DEBUG 'ansible_navigator.main' After rollback: playbook_artifact_save_as = 'Not set' (Constants/Not set)
2023-09-16T09:06:28.658051+00:00 DEBUG 'ansible_navigator.main' After rollback: plugin_name = 'Not set' (Constants/Not set)
2023-09-16T09:06:28.658111+00:00 DEBUG 'ansible_navigator.main' After rollback: plugin_type = 'Not set' (Constants/Not set)
2023-09-16T09:06:28.658267+00:00 DEBUG 'ansible_navigator.main' After rollback: pull_arguments = 'Not set' (Constants/Not set)
2023-09-16T09:06:28.658335+00:00 DEBUG 'ansible_navigator.main' After rollback: pull_policy = 'Not set' (Constants/Not set)
2023-09-16T09:06:28.658395+00:00 DEBUG 'ansible_navigator.main' After rollback: set_environment_variable = 'Not set' (Constants/Not set)
2023-09-16T09:06:28.658454+00:00 DEBUG 'ansible_navigator.main' After rollback: settings_effective = 'Not set' (Constants/Not set)
2023-09-16T09:06:28.658514+00:00 DEBUG 'ansible_navigator.main' After rollback: settings_sample = 'Not set' (Constants/Not set)
2023-09-16T09:06:28.658573+00:00 DEBUG 'ansible_navigator.main' After rollback: settings_schema = 'Not set' (Constants/Not set)
2023-09-16T09:06:28.658633+00:00 DEBUG 'ansible_navigator.main' After rollback: settings_sources = 'Not set' (Constants/Not set)
2023-09-16T09:06:28.658692+00:00 DEBUG 'ansible_navigator.main' After rollback: time_zone = 'Not set' (Constants/Not set)
2023-09-16T09:06:28.658751+00:00 DEBUG 'ansible_navigator.main' After rollback: workdir = 'Not set' (Constants/Not set)
2023-09-16T09:06:28.658810+00:00 DEBUG 'ansible_navigator.main' Configuration rollback complete.
2023-09-16T09:06:28.658870+00:00 DEBUG 'ansible_navigator.main' Collection doc cache not mounted
2023-09-16T09:06:28.658947+00:00 WARNING 'ansible_navigator.main' Issues were found while applying the settings.
2023-09-16T09:06:28.659022+00:00 INFO 'ansible_navigator.main' Command provided: 'yum_repo.yml'
2023-09-16T09:06:28.659097+00:00 ERROR 'ansible_navigator.main' argument {subcommand} --help: invalid choice: 'yum_repo.yml' (choose from 'builder', 'collections', 'config', 'doc', 'exec', 'images', 'inventory', 'lint', 'replay', 'run', 'settings', 'welcome')
2023-09-16T09:06:28.659226+00:00 INFO 'ansible_navigator.main' Configuration failed, using default log file location. (/home/admin/ansible/ansible-navigator.log) Log level set to debug
2023-09-16T09:06:28.659297+00:00 INFO 'ansible_navigator.main' Review the hints and log file to see what went wrong.
2023-09-16T09:06:47.446542+00:00 INFO 'ansible_navigator.setup_logger' New ansible-navigator instance, logging initialized
2023-09-16T09:06:47.446984+00:00 INFO 'ansible_navigator.setup_logger' New ansible-runner instance, logging initialized
2023-09-16T09:06:47.447068+00:00 DEBUG 'ansible_navigator.main' Jinja2==3.1.2 
2023-09-16T09:06:47.447141+00:00 DEBUG 'ansible_navigator.main' MarkupSafe==2.1.3 
2023-09-16T09:06:47.447207+00:00 DEBUG 'ansible_navigator.main' Parsley==1.3 
2023-09-16T09:06:47.447330+00:00 DEBUG 'ansible_navigator.main' PySocks==1.7.1 
2023-09-16T09:06:47.447438+00:00 DEBUG 'ansible_navigator.main' PyYAML==5.4.1 
2023-09-16T09:06:47.447500+00:00 DEBUG 'ansible_navigator.main' Pygments==2.16.1 
2023-09-16T09:06:47.447559+00:00 DEBUG 'ansible_navigator.main' ansible-builder==3.0.0 
2023-09-16T09:06:47.447617+00:00 DEBUG 'ansible_navigator.main' ansible-compat==4.1.10 
2023-09-16T09:06:47.447676+00:00 DEBUG 'ansible_navigator.main' ansible-core==2.15.4 
2023-09-16T09:06:47.447734+00:00 DEBUG 'ansible_navigator.main' ansible-lint==6.19.0 
2023-09-16T09:06:47.447792+00:00 DEBUG 'ansible_navigator.main' ansible-navigator==3.4.2 
2023-09-16T09:06:47.447850+00:00 DEBUG 'ansible_navigator.main' ansible-runner==2.3.4 
2023-09-16T09:06:47.447909+00:00 DEBUG 'ansible_navigator.main' attrs==23.1.0 /home/admin/.local/lib/python3.9/site-packages/attrs/__init__.py
2023-09-16T09:06:47.447968+00:00 DEBUG 'ansible_navigator.main' bindep==2.11.0 /home/admin/.local/lib/python3.9/site-packages/bindep/__init__.py
2023-09-16T09:06:47.448026+00:00 DEBUG 'ansible_navigator.main' black==23.9.1 /home/admin/.local/lib/python3.9/site-packages/black/__init__.cpython-39-x86_64-linux-gnu.so
2023-09-16T09:06:47.448085+00:00 DEBUG 'ansible_navigator.main' bracex==2.4 /home/admin/.local/lib/python3.9/site-packages/bracex/__init__.py
2023-09-16T09:06:47.448144+00:00 DEBUG 'ansible_navigator.main' certifi==2023.7.22 /home/admin/.local/lib/python3.9/site-packages/certifi/__init__.py
2023-09-16T09:06:47.448202+00:00 DEBUG 'ansible_navigator.main' cffi==1.15.1 /home/admin/.local/lib/python3.9/site-packages/cffi/__init__.py
2023-09-16T09:06:47.448341+00:00 DEBUG 'ansible_navigator.main' chardet==4.0.0 /usr/lib/python3.9/site-packages/chardet/__init__.py
2023-09-16T09:06:47.448402+00:00 DEBUG 'ansible_navigator.main' charset-normalizer==3.2.0 
2023-09-16T09:06:47.448534+00:00 DEBUG 'ansible_navigator.main' click==8.1.7 /home/admin/.local/lib/python3.9/site-packages/click/__init__.py
2023-09-16T09:06:47.448603+00:00 DEBUG 'ansible_navigator.main' cryptography==41.0.3 /home/admin/.local/lib/python3.9/site-packages/cryptography/__init__.py
2023-09-16T09:06:47.448662+00:00 DEBUG 'ansible_navigator.main' dbus-python==1.2.18 
2023-09-16T09:06:47.448721+00:00 DEBUG 'ansible_navigator.main' decorator==4.4.2 /usr/lib/python3.9/site-packages/decorator.py
2023-09-16T09:06:47.448780+00:00 DEBUG 'ansible_navigator.main' distro==1.8.0 /home/admin/.local/lib/python3.9/site-packages/distro/__init__.py
2023-09-16T09:06:47.448838+00:00 DEBUG 'ansible_navigator.main' docutils==0.20.1 /home/admin/.local/lib/python3.9/site-packages/docutils/__init__.py
2023-09-16T09:06:47.448896+00:00 DEBUG 'ansible_navigator.main' ethtool==0.15 /usr/lib64/python3.9/site-packages/ethtool.cpython-39-x86_64-linux-gnu.so
2023-09-16T09:06:47.448955+00:00 DEBUG 'ansible_navigator.main' file-magic==0.4.0 
2023-09-16T09:06:47.449013+00:00 DEBUG 'ansible_navigator.main' filelock==3.12.4 /home/admin/.local/lib/python3.9/site-packages/filelock/__init__.py
2023-09-16T09:06:47.449083+00:00 DEBUG 'ansible_navigator.main' idna==2.10 /usr/lib/python3.9/site-packages/idna/__init__.py
2023-09-16T09:06:47.449149+00:00 DEBUG 'ansible_navigator.main' importlib-metadata==6.2.1 
2023-09-16T09:06:47.449269+00:00 DEBUG 'ansible_navigator.main' importlib-resources==5.0.7 
2023-09-16T09:06:47.449342+00:00 DEBUG 'ansible_navigator.main' iniparse==0.4 /usr/lib/python3.9/site-packages/iniparse/__init__.py
2023-09-16T09:06:47.449402+00:00 DEBUG 'ansible_navigator.main' jsonschema-specifications==2023.7.1 
2023-09-16T09:06:47.449461+00:00 DEBUG 'ansible_navigator.main' jsonschema==4.19.0 /home/admin/.local/lib/python3.9/site-packages/jsonschema/__init__.py
2023-09-16T09:06:47.449519+00:00 DEBUG 'ansible_navigator.main' lockfile==0.12.2 /home/admin/.local/lib/python3.9/site-packages/lockfile/__init__.py
2023-09-16T09:06:47.449577+00:00 DEBUG 'ansible_navigator.main' markdown-it-py==3.0.0 
2023-09-16T09:06:47.449636+00:00 DEBUG 'ansible_navigator.main' mdurl==0.1.2 /home/admin/.local/lib/python3.9/site-packages/mdurl/__init__.py
2023-09-16T09:06:47.449694+00:00 DEBUG 'ansible_navigator.main' mypy-extensions==1.0.0 
2023-09-16T09:06:47.449752+00:00 DEBUG 'ansible_navigator.main' onigurumacffi==1.2.0 /home/admin/.local/lib/python3.9/site-packages/onigurumacffi.py
2023-09-16T09:06:47.449810+00:00 DEBUG 'ansible_navigator.main' packaging==23.1 /home/admin/.local/lib/python3.9/site-packages/packaging/__init__.py
2023-09-16T09:06:47.449868+00:00 DEBUG 'ansible_navigator.main' pathspec==0.11.2 /home/admin/.local/lib/python3.9/site-packages/pathspec/__init__.py
2023-09-16T09:06:47.449926+00:00 DEBUG 'ansible_navigator.main' pbr==5.11.1 /home/admin/.local/lib/python3.9/site-packages/pbr/__init__.py
2023-09-16T09:06:47.449985+00:00 DEBUG 'ansible_navigator.main' pexpect==4.8.0 /home/admin/.local/lib/python3.9/site-packages/pexpect/__init__.py
2023-09-16T09:06:47.450043+00:00 DEBUG 'ansible_navigator.main' pip==21.2.3 /usr/lib/python3.9/site-packages/pip/__init__.py
2023-09-16T09:06:47.450102+00:00 DEBUG 'ansible_navigator.main' platformdirs==3.10.0 /home/admin/.local/lib/python3.9/site-packages/platformdirs/__init__.py
2023-09-16T09:06:47.450178+00:00 DEBUG 'ansible_navigator.main' ptyprocess==0.7.0 /home/admin/.local/lib/python3.9/site-packages/ptyprocess/__init__.py
2023-09-16T09:06:47.450301+00:00 DEBUG 'ansible_navigator.main' pycparser==2.21 /home/admin/.local/lib/python3.9/site-packages/pycparser/__init__.py
2023-09-16T09:06:47.450363+00:00 DEBUG 'ansible_navigator.main' pyinotify==0.9.6 /usr/lib/python3.9/site-packages/pyinotify.py
2023-09-16T09:06:47.450422+00:00 DEBUG 'ansible_navigator.main' python-daemon==3.0.1 
2023-09-16T09:06:47.450480+00:00 DEBUG 'ansible_navigator.main' python-dateutil==2.8.1 
2023-09-16T09:06:47.450538+00:00 DEBUG 'ansible_navigator.main' referencing==0.30.2 /home/admin/.local/lib/python3.9/site-packages/referencing/__init__.py
2023-09-16T09:06:47.450597+00:00 DEBUG 'ansible_navigator.main' requests==2.31.0 /home/admin/.local/lib/python3.9/site-packages/requests/__init__.py
2023-09-16T09:06:47.450655+00:00 DEBUG 'ansible_navigator.main' requirements-parser==0.5.0 
2023-09-16T09:06:47.450714+00:00 DEBUG 'ansible_navigator.main' resolvelib==1.0.1 /home/admin/.local/lib/python3.9/site-packages/resolvelib/__init__.py
2023-09-16T09:06:47.450772+00:00 DEBUG 'ansible_navigator.main' rich==13.5.2 /home/admin/.local/lib/python3.9/site-packages/rich/__init__.py
2023-09-16T09:06:47.450830+00:00 DEBUG 'ansible_navigator.main' rpds-py==0.10.3 
2023-09-16T09:06:47.450888+00:00 DEBUG 'ansible_navigator.main' ruamel.yaml.clib==0.2.7 
2023-09-16T09:06:47.450946+00:00 DEBUG 'ansible_navigator.main' ruamel.yaml==0.17.32 /home/admin/.local/lib/python3.9/site-packages/ruamel/yaml/__init__.py
2023-09-16T09:06:47.451004+00:00 DEBUG 'ansible_navigator.main' selinux==3.5 /usr/lib64/python3.9/site-packages/selinux/__init__.py
2023-09-16T09:06:47.451062+00:00 DEBUG 'ansible_navigator.main' sepolicy==3.5 /usr/lib/python3.9/site-packages/sepolicy/__init__.py
2023-09-16T09:06:47.451126+00:00 DEBUG 'ansible_navigator.main' setools==4.4.1 /usr/lib64/python3.9/site-packages/setools/__init__.py
2023-09-16T09:06:47.451254+00:00 DEBUG 'ansible_navigator.main' setuptools==68.2.2 /home/admin/.local/lib/python3.9/site-packages/setuptools/__init__.py
2023-09-16T09:06:47.451318+00:00 DEBUG 'ansible_navigator.main' six==1.15.0 /usr/lib/python3.9/site-packages/six.py
2023-09-16T09:06:47.451377+00:00 DEBUG 'ansible_navigator.main' subprocess-tee==0.4.1 
2023-09-16T09:06:47.451435+00:00 DEBUG 'ansible_navigator.main' subscription-manager==1.29.33.1 
2023-09-16T09:06:47.451494+00:00 DEBUG 'ansible_navigator.main' tomli==2.0.1 /home/admin/.local/lib/python3.9/site-packages/tomli/__init__.py
2023-09-16T09:06:47.451552+00:00 DEBUG 'ansible_navigator.main' types-setuptools==68.2.0.0 
2023-09-16T09:06:47.451611+00:00 DEBUG 'ansible_navigator.main' typing_extensions==4.7.1 /home/admin/.local/lib/python3.9/site-packages/typing_extensions.py
2023-09-16T09:06:47.451669+00:00 DEBUG 'ansible_navigator.main' tzdata==2023.3 /home/admin/.local/lib/python3.9/site-packages/tzdata/__init__.py
2023-09-16T09:06:47.451760+00:00 DEBUG 'ansible_navigator.main' urllib3==1.26.5 /usr/lib/python3.9/site-packages/urllib3/__init__.py
2023-09-16T09:06:47.451819+00:00 DEBUG 'ansible_navigator.main' wcmatch==8.5 /home/admin/.local/lib/python3.9/site-packages/wcmatch/__init__.py
2023-09-16T09:06:47.451877+00:00 DEBUG 'ansible_navigator.main' yamllint==1.32.0 /home/admin/.local/lib/python3.9/site-packages/yamllint/__init__.py
2023-09-16T09:06:47.451936+00:00 DEBUG 'ansible_navigator.main' zipp==3.16.2 /home/admin/.local/lib/python3.9/site-packages/zipp/__init__.py
2023-09-16T09:06:47.451994+00:00 DEBUG 'ansible_navigator.main' Default collection_doc_cache_path set to: /home/admin/.cache/ansible-navigator/collection_doc_cache.db
2023-09-16T09:06:47.452052+00:00 DEBUG 'ansible_navigator.main' EDITOR environment variable not set
2023-09-16T09:06:47.452112+00:00 DEBUG 'ansible_navigator.main' Default editor_command set to: vi +{line_number} {filename}
2023-09-16T09:06:47.452236+00:00 DEBUG 'ansible_navigator.main' No config file set by ANSIBLE_NAVIGATOR_CONFIG
2023-09-16T09:06:47.452298+00:00 DEBUG 'ansible_navigator.main' Looking in /home/admin
2023-09-16T09:06:47.452357+00:00 DEBUG 'ansible_navigator.main' Looking for '/home/admin/.ansible-navigator.yml', '/home/admin/.ansible-navigator.yaml' and '/home/admin/.ansible-navigator.json'
2023-09-16T09:06:47.452416+00:00 DEBUG 'ansible_navigator.main' Found 0: 
2023-09-16T09:06:47.452475+00:00 DEBUG 'ansible_navigator.main' Looking in /home/admin/ansible
2023-09-16T09:06:47.452533+00:00 DEBUG 'ansible_navigator.main' Looking for '/home/admin/ansible/ansible-navigator.yml', '/home/admin/ansible/ansible-navigator.yaml' and '/home/admin/ansible/ansible-navigator.json'
2023-09-16T09:06:47.452592+00:00 DEBUG 'ansible_navigator.main' Found 0: 
2023-09-16T09:06:47.452650+00:00 DEBUG 'ansible_navigator.main' All found 0: 
2023-09-16T09:06:47.452709+00:00 DEBUG 'ansible_navigator.main' Using: None
2023-09-16T09:06:47.452767+00:00 DEBUG 'ansible_navigator.main' No valid settings file found, using all default values for settings.
2023-09-16T09:06:47.452826+00:00 DEBUG 'ansible_navigator.main' Command provided: 'run yum_repo.yml'
2023-09-16T09:06:47.452884+00:00 DEBUG 'ansible_navigator.main' EE support enabled: using current working directory for 'ansible.cfg'
2023-09-16T09:06:47.452943+00:00 INFO 'ansible_navigator.main' EE support enabled: found 'ansible.cfg' in current working directory.
2023-09-16T09:06:47.453001+00:00 DEBUG 'ansible_navigator.main' Completed post processing for ansible_runner_artifact_dir. (changed=False)
2023-09-16T09:06:47.453060+00:00 DEBUG 'ansible_navigator.main' Completed post processing for ansible_runner_rotate_artifacts_count. (changed=False)
2023-09-16T09:06:47.453179+00:00 DEBUG 'ansible_navigator.main' Completed post processing for ansible_runner_timeout. (changed=False)
2023-09-16T09:06:47.453251+00:00 DEBUG 'ansible_navigator.main' Completed post processing for cmdline. (changed=False)
2023-09-16T09:06:47.453319+00:00 DEBUG 'ansible_navigator.main' Completed post processing for collection_doc_cache_path. (changed=False)
2023-09-16T09:06:47.453379+00:00 DEBUG 'ansible_navigator.main' Completed post processing for container_engine. (changed=False)
2023-09-16T09:06:47.453437+00:00 DEBUG 'ansible_navigator.main' Completed post processing for container_options. (changed=False)
2023-09-16T09:06:47.453496+00:00 DEBUG 'ansible_navigator.main' Completed post processing for display_color. (changed=False)
2023-09-16T09:06:47.453554+00:00 DEBUG 'ansible_navigator.main' Completed post processing for enable_prompts. (changed=False)
2023-09-16T09:06:47.453612+00:00 DEBUG 'ansible_navigator.main' Completed post processing for execution_environment. (changed=False)
2023-09-16T09:06:47.453671+00:00 DEBUG 'ansible_navigator.main' Completed post processing for execution_environment_image. (changed=False)
2023-09-16T09:06:47.453729+00:00 DEBUG 'ansible_navigator.main' Completed post processing for help_builder. (changed=False)
2023-09-16T09:06:47.453787+00:00 DEBUG 'ansible_navigator.main' Completed post processing for help_config. (changed=False)
2023-09-16T09:06:47.453846+00:00 DEBUG 'ansible_navigator.main' Completed post processing for help_doc. (changed=False)
2023-09-16T09:06:47.453904+00:00 DEBUG 'ansible_navigator.main' Completed post processing for help_inventory. (changed=False)
2023-09-16T09:06:47.453962+00:00 DEBUG 'ansible_navigator.main' Completed post processing for help_playbook. (changed=False)
2023-09-16T09:06:47.454021+00:00 DEBUG 'ansible_navigator.main' Completed post processing for images_details. (changed=False)
2023-09-16T09:06:47.454105+00:00 DEBUG 'ansible_navigator.main' Completed post processing for inventory. (changed=True)
2023-09-16T09:06:47.454209+00:00 DEBUG 'ansible_navigator.main'  before: 'Not set'
2023-09-16T09:06:47.454269+00:00 DEBUG 'ansible_navigator.main'  after: '['/home/admin/ansible/inventory']'
2023-09-16T09:06:47.454328+00:00 DEBUG 'ansible_navigator.main' Completed post processing for inventory_column. (changed=False)
2023-09-16T09:06:47.454389+00:00 DEBUG 'ansible_navigator.main' Completed post processing for log_file. (changed=False)
2023-09-16T09:06:47.454453+00:00 DEBUG 'ansible_navigator.main' Completed post processing for pass_environment_variable. (changed=False)
2023-09-16T09:06:47.454517+00:00 DEBUG 'ansible_navigator.main' Completed post processing for playbook. (changed=True)
2023-09-16T09:06:47.454581+00:00 DEBUG 'ansible_navigator.main'  before: 'yum_repo.yml'
2023-09-16T09:06:47.454645+00:00 DEBUG 'ansible_navigator.main'  after: '/home/admin/ansible/yum_repo.yml'
2023-09-16T09:06:47.454708+00:00 DEBUG 'ansible_navigator.main' Completed post processing for playbook_artifact_replay. (changed=False)
2023-09-16T09:06:47.454770+00:00 DEBUG 'ansible_navigator.main' Completed post processing for playbook_artifact_save_as. (changed=False)
2023-09-16T09:06:47.454834+00:00 DEBUG 'ansible_navigator.main' Completed post processing for plugin_name. (changed=False)
2023-09-16T09:06:47.454897+00:00 DEBUG 'ansible_navigator.main' Completed post processing for pull_arguments. (changed=False)
2023-09-16T09:06:47.454961+00:00 DEBUG 'ansible_navigator.main' Completed post processing for set_environment_variable. (changed=False)
2023-09-16T09:06:47.455025+00:00 DEBUG 'ansible_navigator.main' Completed post processing for settings_effective. (changed=False)
2023-09-16T09:06:47.455161+00:00 DEBUG 'ansible_navigator.main' Completed post processing for settings_sample. (changed=False)
2023-09-16T09:06:47.455227+00:00 DEBUG 'ansible_navigator.main' Completed post processing for settings_schema. (changed=False)
2023-09-16T09:06:47.455286+00:00 DEBUG 'ansible_navigator.main' Completed post processing for settings_sources. (changed=False)
2023-09-16T09:06:47.455344+00:00 DEBUG 'ansible_navigator.main' Completed post processing for time_zone. (changed=False)
2023-09-16T09:06:47.455403+00:00 DEBUG 'ansible_navigator.main' Completed post processing for execution_environment_volume_mounts. (changed=False)
2023-09-16T09:06:47.455466+00:00 DEBUG 'ansible_navigator.main' Completed post processing for mode. (changed=False)
2023-09-16T09:06:47.455525+00:00 DEBUG 'ansible_navigator.main' Completed post processing for playbook_artifact_enable. (changed=False)
2023-09-16T09:06:47.455590+00:00 WARNING 'ansible_navigator.main' Configuration errors encountered, rolling back to previous configuration.
2023-09-16T09:06:47.455649+00:00 DEBUG 'ansible_navigator.main' Prior to rollback: ansible_runner_artifact_dir = 'Not set' (Constants/Not set)
2023-09-16T09:06:47.455708+00:00 DEBUG 'ansible_navigator.main' Prior to rollback: ansible_runner_rotate_artifacts_count = 'Not set' (Constants/Not set)
2023-09-16T09:06:47.455766+00:00 DEBUG 'ansible_navigator.main' Prior to rollback: ansible_runner_timeout = 'Not set' (Constants/Not set)
2023-09-16T09:06:47.455824+00:00 DEBUG 'ansible_navigator.main' Prior to rollback: ansible_runner_write_job_events = 'False' (bool/Defaults)
2023-09-16T09:06:47.455883+00:00 DEBUG 'ansible_navigator.main' Prior to rollback: app = 'run' (str/Command line)
2023-09-16T09:06:47.455941+00:00 DEBUG 'ansible_navigator.main' Prior to rollback: cmdline = 'Not set' (Constants/Not set)
2023-09-16T09:06:47.455999+00:00 DEBUG 'ansible_navigator.main' Prior to rollback: collection_doc_cache_path = '/home/admin/.cache/ansible-navigator/collection_doc_cache.db' (str/Defaults)
2023-09-16T09:06:47.456142+00:00 DEBUG 'ansible_navigator.main' Prior to rollback: config = 'Not set' (Constants/Not set)
2023-09-16T09:06:47.456219+00:00 DEBUG 'ansible_navigator.main' Prior to rollback: container_engine = 'auto' (str/Defaults)
2023-09-16T09:06:47.456278+00:00 DEBUG 'ansible_navigator.main' Prior to rollback: container_options = 'Not set' (Constants/Not set)
2023-09-16T09:06:47.456337+00:00 DEBUG 'ansible_navigator.main' Prior to rollback: display_color = 'True' (bool/Defaults)
2023-09-16T09:06:47.456396+00:00 DEBUG 'ansible_navigator.main' Prior to rollback: editor_command = 'vi +{line_number} {filename}' (str/Defaults)
2023-09-16T09:06:47.456454+00:00 DEBUG 'ansible_navigator.main' Prior to rollback: editor_console = 'True' (bool/Defaults)
2023-09-16T09:06:47.456512+00:00 DEBUG 'ansible_navigator.main' Prior to rollback: enable_prompts = 'False' (bool/Defaults)
2023-09-16T09:06:47.456571+00:00 DEBUG 'ansible_navigator.main' Prior to rollback: exec_command = '/bin/bash' (str/Defaults)
2023-09-16T09:06:47.456629+00:00 DEBUG 'ansible_navigator.main' Prior to rollback: exec_shell = 'True' (bool/Defaults)
2023-09-16T09:06:47.456687+00:00 DEBUG 'ansible_navigator.main' Prior to rollback: execution_environment = 'True' (bool/Defaults)
2023-09-16T09:06:47.456745+00:00 DEBUG 'ansible_navigator.main' Prior to rollback: execution_environment_image = 'ghcr.io/ansible/creator-ee:v0.18.0' (str/Defaults)
2023-09-16T09:06:47.456804+00:00 DEBUG 'ansible_navigator.main' Prior to rollback: execution_environment_volume_mounts = 'Not set' (Constants/Not set)
2023-09-16T09:06:47.456862+00:00 DEBUG 'ansible_navigator.main' Prior to rollback: format = 'yaml' (str/Defaults)
2023-09-16T09:06:47.456920+00:00 DEBUG 'ansible_navigator.main' Prior to rollback: help_builder = 'False' (bool/Defaults)
2023-09-16T09:06:47.456978+00:00 DEBUG 'ansible_navigator.main' Prior to rollback: help_config = 'False' (bool/Defaults)
2023-09-16T09:06:47.457067+00:00 DEBUG 'ansible_navigator.main' Prior to rollback: help_doc = 'False' (bool/Defaults)
2023-09-16T09:06:47.457134+00:00 DEBUG 'ansible_navigator.main' Prior to rollback: help_inventory = 'False' (bool/Defaults)
2023-09-16T09:06:47.457198+00:00 DEBUG 'ansible_navigator.main' Prior to rollback: help_playbook = 'False' (bool/Defaults)
2023-09-16T09:06:47.457262+00:00 DEBUG 'ansible_navigator.main' Prior to rollback: images_details = '['everything']' (list/Defaults)
2023-09-16T09:06:47.457326+00:00 DEBUG 'ansible_navigator.main' Prior to rollback: inventory = '['/home/admin/ansible/inventory']' (list/Ansible configuration file)
2023-09-16T09:06:47.457396+00:00 DEBUG 'ansible_navigator.main' Prior to rollback: inventory_column = 'Not set' (Constants/Not set)
2023-09-16T09:06:47.457461+00:00 DEBUG 'ansible_navigator.main' Prior to rollback: lint_config = 'Not set' (Constants/Not set)
2023-09-16T09:06:47.457525+00:00 DEBUG 'ansible_navigator.main' Prior to rollback: lintables = 'Not set' (Constants/Not set)
2023-09-16T09:06:47.457589+00:00 DEBUG 'ansible_navigator.main' Prior to rollback: log_append = 'True' (bool/Defaults)
2023-09-16T09:06:47.457653+00:00 DEBUG 'ansible_navigator.main' Prior to rollback: log_file = '/home/admin/ansible/ansible-navigator.log' (str/Defaults)
2023-09-16T09:06:47.457716+00:00 DEBUG 'ansible_navigator.main' Prior to rollback: log_level = 'warning' (str/Defaults)
2023-09-16T09:06:47.457780+00:00 DEBUG 'ansible_navigator.main' Prior to rollback: mode = 'interactive' (str/Defaults)
2023-09-16T09:06:47.457844+00:00 DEBUG 'ansible_navigator.main' Prior to rollback: osc4 = 'True' (bool/Defaults)
2023-09-16T09:06:47.457908+00:00 DEBUG 'ansible_navigator.main' Prior to rollback: pass_environment_variable = 'Not set' (Constants/Not set)
2023-09-16T09:06:47.457992+00:00 DEBUG 'ansible_navigator.main' Prior to rollback: playbook = '/home/admin/ansible/yum_repo.yml' (str/Command line)
2023-09-16T09:06:47.458098+00:00 DEBUG 'ansible_navigator.main' Prior to rollback: playbook_artifact_enable = 'True' (bool/Defaults)
2023-09-16T09:06:47.458160+00:00 DEBUG 'ansible_navigator.main' Prior to rollback: playbook_artifact_replay = 'Not set' (Constants/Not set)
2023-09-16T09:06:47.458219+00:00 DEBUG 'ansible_navigator.main' Prior to rollback: playbook_artifact_save_as = '{playbook_dir}/{playbook_name}-artifact-{time_stamp}.json' (str/Defaults)
2023-09-16T09:06:47.458278+00:00 DEBUG 'ansible_navigator.main' Prior to rollback: plugin_name = 'Not set' (Constants/Not set)
2023-09-16T09:06:47.458337+00:00 DEBUG 'ansible_navigator.main' Prior to rollback: plugin_type = 'module' (str/Defaults)
2023-09-16T09:06:47.458395+00:00 DEBUG 'ansible_navigator.main' Prior to rollback: pull_arguments = 'Not set' (Constants/Not set)
2023-09-16T09:06:47.458454+00:00 DEBUG 'ansible_navigator.main' Prior to rollback: pull_policy = 'tag' (str/Defaults)
2023-09-16T09:06:47.458512+00:00 DEBUG 'ansible_navigator.main' Prior to rollback: set_environment_variable = 'Not set' (Constants/Not set)
2023-09-16T09:06:47.458570+00:00 DEBUG 'ansible_navigator.main' Prior to rollback: settings_effective = 'False' (bool/Defaults)
2023-09-16T09:06:47.458629+00:00 DEBUG 'ansible_navigator.main' Prior to rollback: settings_sample = 'False' (bool/Defaults)
2023-09-16T09:06:47.458687+00:00 DEBUG 'ansible_navigator.main' Prior to rollback: settings_schema = 'json' (str/Defaults)
2023-09-16T09:06:47.458745+00:00 DEBUG 'ansible_navigator.main' Prior to rollback: settings_sources = 'False' (bool/Defaults)
2023-09-16T09:06:47.458804+00:00 DEBUG 'ansible_navigator.main' Prior to rollback: time_zone = 'UTC' (str/Defaults)
2023-09-16T09:06:47.458862+00:00 DEBUG 'ansible_navigator.main' Prior to rollback: workdir = '/home/admin/ansible' (str/Defaults)
2023-09-16T09:06:47.458921+00:00 DEBUG 'ansible_navigator.main' After rollback: ansible_runner_artifact_dir = 'Not set' (Constants/Not set)
2023-09-16T09:06:47.459036+00:00 DEBUG 'ansible_navigator.main' After rollback: ansible_runner_rotate_artifacts_count = 'Not set' (Constants/Not set)
2023-09-16T09:06:47.459107+00:00 DEBUG 'ansible_navigator.main' After rollback: ansible_runner_timeout = 'Not set' (Constants/Not set)
2023-09-16T09:06:47.459167+00:00 DEBUG 'ansible_navigator.main' After rollback: ansible_runner_write_job_events = 'Not set' (Constants/Not set)
2023-09-16T09:06:47.459225+00:00 DEBUG 'ansible_navigator.main' After rollback: app = 'Not set' (Constants/Not set)
2023-09-16T09:06:47.459284+00:00 DEBUG 'ansible_navigator.main' After rollback: cmdline = 'Not set' (Constants/Not set)
2023-09-16T09:06:47.459342+00:00 DEBUG 'ansible_navigator.main' After rollback: collection_doc_cache_path = 'Not set' (Constants/Not set)
2023-09-16T09:06:47.459406+00:00 DEBUG 'ansible_navigator.main' After rollback: config = 'Not set' (Constants/Not set)
2023-09-16T09:06:47.459466+00:00 DEBUG 'ansible_navigator.main' After rollback: container_engine = 'Not set' (Constants/Not set)
2023-09-16T09:06:47.459524+00:00 DEBUG 'ansible_navigator.main' After rollback: container_options = 'Not set' (Constants/Not set)
2023-09-16T09:06:47.459583+00:00 DEBUG 'ansible_navigator.main' After rollback: display_color = 'Not set' (Constants/Not set)
2023-09-16T09:06:47.459641+00:00 DEBUG 'ansible_navigator.main' After rollback: editor_command = 'Not set' (Constants/Not set)
2023-09-16T09:06:47.459699+00:00 DEBUG 'ansible_navigator.main' After rollback: editor_console = 'Not set' (Constants/Not set)
2023-09-16T09:06:47.459758+00:00 DEBUG 'ansible_navigator.main' After rollback: enable_prompts = 'Not set' (Constants/Not set)
2023-09-16T09:06:47.459816+00:00 DEBUG 'ansible_navigator.main' After rollback: exec_command = 'Not set' (Constants/Not set)
2023-09-16T09:06:47.459875+00:00 DEBUG 'ansible_navigator.main' After rollback: exec_shell = 'Not set' (Constants/Not set)
2023-09-16T09:06:47.459959+00:00 DEBUG 'ansible_navigator.main' After rollback: execution_environment = 'Not set' (Constants/Not set)
2023-09-16T09:06:47.460063+00:00 DEBUG 'ansible_navigator.main' After rollback: execution_environment_image = 'Not set' (Constants/Not set)
2023-09-16T09:06:47.460123+00:00 DEBUG 'ansible_navigator.main' After rollback: execution_environment_volume_mounts = 'Not set' (Constants/Not set)
2023-09-16T09:06:47.460182+00:00 DEBUG 'ansible_navigator.main' After rollback: format = 'Not set' (Constants/Not set)
2023-09-16T09:06:47.460240+00:00 DEBUG 'ansible_navigator.main' After rollback: help_builder = 'Not set' (Constants/Not set)
2023-09-16T09:06:47.460299+00:00 DEBUG 'ansible_navigator.main' After rollback: help_config = 'Not set' (Constants/Not set)
2023-09-16T09:06:47.460357+00:00 DEBUG 'ansible_navigator.main' After rollback: help_doc = 'Not set' (Constants/Not set)
2023-09-16T09:06:47.460415+00:00 DEBUG 'ansible_navigator.main' After rollback: help_inventory = 'Not set' (Constants/Not set)
2023-09-16T09:06:47.460473+00:00 DEBUG 'ansible_navigator.main' After rollback: help_playbook = 'Not set' (Constants/Not set)
2023-09-16T09:06:47.460531+00:00 DEBUG 'ansible_navigator.main' After rollback: images_details = 'Not set' (Constants/Not set)
2023-09-16T09:06:47.460589+00:00 DEBUG 'ansible_navigator.main' After rollback: inventory = 'Not set' (Constants/Not set)
2023-09-16T09:06:47.460647+00:00 DEBUG 'ansible_navigator.main' After rollback: inventory_column = 'Not set' (Constants/Not set)
2023-09-16T09:06:47.460706+00:00 DEBUG 'ansible_navigator.main' After rollback: lint_config = 'Not set' (Constants/Not set)
2023-09-16T09:06:47.460764+00:00 DEBUG 'ansible_navigator.main' After rollback: lintables = 'Not set' (Constants/Not set)
2023-09-16T09:06:47.460823+00:00 DEBUG 'ansible_navigator.main' After rollback: log_append = 'Not set' (Constants/Not set)
2023-09-16T09:06:47.460881+00:00 DEBUG 'ansible_navigator.main' After rollback: log_file = 'Not set' (Constants/Not set)
2023-09-16T09:06:47.461002+00:00 DEBUG 'ansible_navigator.main' After rollback: log_level = 'Not set' (Constants/Not set)
2023-09-16T09:06:47.461068+00:00 DEBUG 'ansible_navigator.main' After rollback: mode = 'Not set' (Constants/Not set)
2023-09-16T09:06:47.461127+00:00 DEBUG 'ansible_navigator.main' After rollback: osc4 = 'Not set' (Constants/Not set)
2023-09-16T09:06:47.461185+00:00 DEBUG 'ansible_navigator.main' After rollback: pass_environment_variable = 'Not set' (Constants/Not set)
2023-09-16T09:06:47.461244+00:00 DEBUG 'ansible_navigator.main' After rollback: playbook = 'Not set' (Constants/Not set)
2023-09-16T09:06:47.461302+00:00 DEBUG 'ansible_navigator.main' After rollback: playbook_artifact_enable = 'Not set' (Constants/Not set)
2023-09-16T09:06:47.461360+00:00 DEBUG 'ansible_navigator.main' After rollback: playbook_artifact_replay = 'Not set' (Constants/Not set)
2023-09-16T09:06:47.461418+00:00 DEBUG 'ansible_navigator.main' After rollback: playbook_artifact_save_as = 'Not set' (Constants/Not set)
2023-09-16T09:06:47.461482+00:00 DEBUG 'ansible_navigator.main' After rollback: plugin_name = 'Not set' (Constants/Not set)
2023-09-16T09:06:47.461540+00:00 DEBUG 'ansible_navigator.main' After rollback: plugin_type = 'Not set' (Constants/Not set)
2023-09-16T09:06:47.461599+00:00 DEBUG 'ansible_navigator.main' After rollback: pull_arguments = 'Not set' (Constants/Not set)
2023-09-16T09:06:47.461657+00:00 DEBUG 'ansible_navigator.main' After rollback: pull_policy = 'Not set' (Constants/Not set)
2023-09-16T09:06:47.461715+00:00 DEBUG 'ansible_navigator.main' After rollback: set_environment_variable = 'Not set' (Constants/Not set)
2023-09-16T09:06:47.461774+00:00 DEBUG 'ansible_navigator.main' After rollback: settings_effective = 'Not set' (Constants/Not set)
2023-09-16T09:06:47.461832+00:00 DEBUG 'ansible_navigator.main' After rollback: settings_sample = 'Not set' (Constants/Not set)
2023-09-16T09:06:47.461915+00:00 DEBUG 'ansible_navigator.main' After rollback: settings_schema = 'Not set' (Constants/Not set)
2023-09-16T09:06:47.462018+00:00 DEBUG 'ansible_navigator.main' After rollback: settings_sources = 'Not set' (Constants/Not set)
2023-09-16T09:06:47.462079+00:00 DEBUG 'ansible_navigator.main' After rollback: time_zone = 'Not set' (Constants/Not set)
2023-09-16T09:06:47.462138+00:00 DEBUG 'ansible_navigator.main' After rollback: workdir = 'Not set' (Constants/Not set)
2023-09-16T09:06:47.462196+00:00 DEBUG 'ansible_navigator.main' Configuration rollback complete.
2023-09-16T09:06:47.462254+00:00 DEBUG 'ansible_navigator.main' Collection doc cache not mounted
2023-09-16T09:06:47.462336+00:00 WARNING 'ansible_navigator.main' Issues were found while applying the settings.
2023-09-16T09:06:47.462403+00:00 INFO 'ansible_navigator.main' Command provided: 'run yum_repo.yml'
2023-09-16T09:06:47.462475+00:00 ERROR 'ansible_navigator.main' No container engine could be found: 'auto', set by 'Defaults'
2023-09-16T09:06:47.462542+00:00 INFO 'ansible_navigator.main' Try installing 'podman' or 'docker'
2023-09-16T09:06:47.462608+00:00 INFO 'ansible_navigator.main' Configuration failed, using default log file location. (/home/admin/ansible/ansible-navigator.log) Log level set to debug
2023-09-16T09:06:47.462674+00:00 INFO 'ansible_navigator.main' Review the hints and log file to see what went wrong.
2023-09-16T09:10:21.287821+00:00 WARNING 'ansible_navigator.image_manager.puller._log_message' Image inspection failed, image assumed to be corrupted or missing
2023-09-16T09:10:21.288580+00:00 WARNING 'ansible_navigator.image_manager.puller._log_message' stdout: 
2023-09-16T09:10:21.288674+00:00 WARNING 'ansible_navigator.image_manager.puller._log_message' stderr: time="2023-09-16T14:40:21+05:30" level=error msg="XDG_RUNTIME_DIR directory \"/run/user/0\" is not owned by the current user"

2023-09-16T09:10:21.312195+00:00 ERROR 'ansible_navigator.image_manager.puller._log_message' Execution environment pull failed
2023-09-16T09:10:21.658975+00:00 CRITICAL 'ansible_navigator.actions.run_e917._handle_message' Unhandled message from runner queue, discarded: {'event': 'verbose', 'uuid': 'fd80f118-df50-493b-99b6-188eec6a0556', 'counter': 1, 'stdout': '\x1b[31mERRO\x1b[0m[0000] XDG_RUNTIME_DIR directory "/run/user/0" is not owned by the current user ', 'start_line': 0, 'end_line': 1, 'runner_ident': '29232c3a-6bb3-498c-85b3-91e2fd0ad900', 'created': '2023-09-16T09:10:21.658282'}
2023-09-16T09:31:37.350146+00:00 WARNING 'ansible_navigator.image_manager.puller._log_message' Image inspection failed, image assumed to be corrupted or missing
2023-09-16T09:31:37.350857+00:00 WARNING 'ansible_navigator.image_manager.puller._log_message' stdout: 
2023-09-16T09:31:37.350949+00:00 WARNING 'ansible_navigator.image_manager.puller._log_message' stderr: time="2023-09-16T15:01:37+05:30" level=error msg="XDG_RUNTIME_DIR directory \"/run/user/0\" is not owned by the current user"

2023-09-16T09:31:37.373466+00:00 ERROR 'ansible_navigator.image_manager.puller._log_message' Execution environment pull failed
2023-09-16T09:31:37.681514+00:00 CRITICAL 'ansible_navigator.actions.run_b4a6._handle_message' Unhandled message from runner queue, discarded: {'event': 'verbose', 'uuid': '99fd98a9-572f-4b14-94fe-d85fa67997c5', 'counter': 1, 'stdout': '\x1b[31mERRO\x1b[0m[0000] XDG_RUNTIME_DIR directory "/run/user/0" is not owned by the current user ', 'start_line': 0, 'end_line': 1, 'runner_ident': '61aa79d2-60cf-4c89-82d9-40b5bcef376b', 'created': '2023-09-16T09:31:37.680904'}
2023-09-16T09:34:07.824043+00:00 WARNING 'ansible_navigator.image_manager.puller._log_message' Image inspection failed, image assumed to be corrupted or missing
2023-09-16T09:34:07.824784+00:00 WARNING 'ansible_navigator.image_manager.puller._log_message' stdout: 
2023-09-16T09:34:07.824875+00:00 WARNING 'ansible_navigator.image_manager.puller._log_message' stderr: time="2023-09-16T15:04:07+05:30" level=error msg="XDG_RUNTIME_DIR directory \"/run/user/0\" is not owned by the current user"

2023-09-16T09:34:07.859222+00:00 ERROR 'ansible_navigator.image_manager.puller._log_message' Execution environment pull failed
2023-09-16T09:34:08.124419+00:00 CRITICAL 'ansible_navigator.actions.run_d2a4._handle_message' Unhandled message from runner queue, discarded: {'event': 'verbose', 'uuid': 'd97795bd-2c28-41ae-b951-8f21a79d6e03', 'counter': 1, 'stdout': '\x1b[31mERRO\x1b[0m[0000] XDG_RUNTIME_DIR directory "/run/user/0" is not owned by the current user ', 'start_line': 0, 'end_line': 1, 'runner_ident': 'b2c9fcd5-a979-4275-9b36-ea21e4bee2ce', 'created': '2023-09-16T09:34:08.123926'}
2023-09-16T09:40:05.305928+00:00 WARNING 'ansible_navigator.image_manager.puller._log_message' Image inspection failed, image assumed to be corrupted or missing
2023-09-16T09:40:05.306712+00:00 WARNING 'ansible_navigator.image_manager.puller._log_message' stdout: 
2023-09-16T09:40:05.306803+00:00 WARNING 'ansible_navigator.image_manager.puller._log_message' stderr: time="2023-09-16T15:10:05+05:30" level=error msg="XDG_RUNTIME_DIR directory \"/run/user/0\" is not owned by the current user"

2023-09-16T09:40:05.329654+00:00 ERROR 'ansible_navigator.image_manager.puller._log_message' Execution environment pull failed
2023-09-16T09:40:05.600774+00:00 CRITICAL 'ansible_navigator.actions.run_8afa._handle_message' Unhandled message from runner queue, discarded: {'event': 'verbose', 'uuid': 'dde239d0-59fc-467c-bb39-5bad5f73b80f', 'counter': 1, 'stdout': '\x1b[31mERRO\x1b[0m[0000] XDG_RUNTIME_DIR directory "/run/user/0" is not owned by the current user ', 'start_line': 0, 'end_line': 1, 'runner_ident': '58fe6603-8708-48db-a7bf-b247d05cf0ec', 'created': '2023-09-16T09:40:05.600275'}
2023-09-16T09:41:31.875907+00:00 WARNING 'ansible_navigator.image_manager.puller._log_message' Image inspection failed, image assumed to be corrupted or missing
2023-09-16T09:41:31.876618+00:00 WARNING 'ansible_navigator.image_manager.puller._log_message' stdout: []

2023-09-16T09:41:31.876707+00:00 WARNING 'ansible_navigator.image_manager.puller._log_message' stderr: Error: inspecting object: ghcr.io/ansible/creator-ee:v0.18.0: image not known
time="2023-09-16T15:11:31+05:30" level=warning msg="Failed to add pause process to systemd sandbox cgroup: read unix @->/run/user/0/bus: read: connection reset by peer"

2023-09-16T09:42:49.281019+00:00 CRITICAL 'ansible_navigator.actions.run_b648._handle_message' Unhandled message from runner queue, discarded: {'event': 'verbose', 'uuid': '4510447f-dc88-4468-9bb4-c3ed0a5e766d', 'counter': 1, 'stdout': 'Error: OCI runtime error: crun: sd-bus call: Transport endpoint is not connected: Transport endpoint is not connected', 'start_line': 0, 'end_line': 1, 'runner_ident': 'b8e77c8f-59c3-48f7-b367-763afd1e7e63', 'created': '2023-09-16T09:42:49.280394'}
2023-09-16T09:43:25.117059+00:00 CRITICAL 'ansible_navigator.actions.run_2246._handle_message' Unhandled message from runner queue, discarded: {'event': 'verbose', 'uuid': '120b097c-7be9-47f3-9534-020325832ee2', 'counter': 1, 'stdout': 'Error: OCI runtime error: crun: sd-bus call: Transport endpoint is not connected: Transport endpoint is not connected', 'start_line': 0, 'end_line': 1, 'runner_ident': '462abf7d-662a-4cb2-b1bc-9eef4226c3a8', 'created': '2023-09-16T09:43:25.116491'}
2023-09-16T09:48:13.697179+00:00 WARNING 'ansible_navigator.image_manager.puller._log_message' Image inspection failed, image assumed to be corrupted or missing
2023-09-16T09:48:13.697936+00:00 WARNING 'ansible_navigator.image_manager.puller._log_message' stdout: []

2023-09-16T09:48:13.698028+00:00 WARNING 'ansible_navigator.image_manager.puller._log_message' stderr: Error: inspecting object: ghcr.io/ansible/creator-ee:v0.18.0: image not known

2023-09-16T09:49:19.816893+00:00 CRITICAL 'ansible_navigator.actions.run_0a42._handle_message' Unhandled message from runner queue, discarded: {'event': 'verbose', 'uuid': '76487643-cfde-41b5-b5e9-34b5c6de4ff3', 'counter': 1, 'stdout': 'Error: OCI runtime error: crun: sd-bus call: Transport endpoint is not connected: Transport endpoint is not connected', 'start_line': 0, 'end_line': 1, 'runner_ident': '21a6b5d5-4e3b-4ea1-b199-85cd6b0a3f98', 'created': '2023-09-16T09:49:19.816310'}
2023-09-16T09:54:44.051154+00:00 CRITICAL 'ansible_navigator.actions.run_a152._handle_message' Unhandled message from runner queue, discarded: {'event': 'verbose', 'uuid': '78c3eca6-421f-46ba-a0f3-ba0a969ff985', 'counter': 1, 'stdout': 'Error: OCI runtime error: crun: sd-bus call: Transport endpoint is not connected: Transport endpoint is not connected', 'start_line': 0, 'end_line': 1, 'runner_ident': 'ea19d278-61a7-463d-a73d-56b01e4c1d31', 'created': '2023-09-16T09:54:44.049765'}
2023-09-16T10:40:11.799225+00:00 WARNING 'ansible_navigator.image_manager.puller._log_message' Image inspection failed, image assumed to be corrupted or missing
2023-09-16T10:40:11.802588+00:00 WARNING 'ansible_navigator.image_manager.puller._log_message' stdout: 
2023-09-16T10:40:11.802704+00:00 WARNING 'ansible_navigator.image_manager.puller._log_message' stderr: time="2023-09-16T16:10:11+05:30" level=error msg="XDG_RUNTIME_DIR directory \"/run/user/0\" is not owned by the current user"

2023-09-16T10:40:11.836023+00:00 ERROR 'ansible_navigator.image_manager.puller._log_message' Execution environment pull failed
2023-09-16T10:42:06.047800+00:00 CRITICAL 'ansible_navigator.actions.run_bf4a._handle_message' Unhandled message from runner queue, discarded: {'event': 'verbose', 'uuid': 'a53df262-b700-4eb3-9a64-0f82037a0d84', 'counter': 1, 'stdout': 'Error: OCI runtime error: crun: sd-bus call: Transport endpoint is not connected: Transport endpoint is not connected', 'start_line': 0, 'end_line': 1, 'runner_ident': 'b2646899-8047-427a-8e3b-98c76299f268', 'created': '2023-09-16T10:42:06.046944'}
2023-09-16T10:42:47.913259+00:00 CRITICAL 'ansible_navigator.actions.run_1497._handle_message' Unhandled message from runner queue, discarded: {'event': 'verbose', 'uuid': '63b06bc3-574c-4db5-8145-c95f8913ecab', 'counter': 1, 'stdout': 'Error: OCI runtime error: crun: sd-bus call: Transport endpoint is not connected: Transport endpoint is not connected', 'start_line': 0, 'end_line': 1, 'runner_ident': '585c6ec2-b2b0-4409-a734-513b89b0c2be', 'created': '2023-09-16T10:42:47.912764'}
2023-09-16T11:40:43.023473+00:00 CRITICAL 'ansible_navigator.actions.run_1937._handle_message' Unhandled message from runner queue, discarded: {'event': 'verbose', 'uuid': '21f6148a-cbb9-4808-bd36-5ddd95e3ceb9', 'counter': 1, 'stdout': 'Error: OCI runtime error: crun: sd-bus call: Transport endpoint is not connected: Transport endpoint is not connected', 'start_line': 0, 'end_line': 1, 'runner_ident': '2288c462-fcac-438f-87d2-6c13f399149c', 'created': '2023-09-16T11:40:43.022628'}
2023-09-16T11:47:07.019976+00:00 CRITICAL 'ansible_navigator.actions.run_a797._handle_message' Unhandled message from runner queue, discarded: {'event': 'verbose', 'uuid': 'ff4c238a-6128-4774-a24f-34ad5c92fb8e', 'counter': 1, 'stdout': 'Error: OCI runtime error: crun: sd-bus call: Transport endpoint is not connected: Transport endpoint is not connected', 'start_line': 0, 'end_line': 1, 'runner_ident': '8627c05f-f099-4ea0-87af-c797218f926d', 'created': '2023-09-16T11:47:07.019343'}
2023-09-16T13:32:26.025157+00:00 WARNING 'ansible_navigator.image_manager.puller._log_message' Image inspection failed, image assumed to be corrupted or missing
2023-09-16T13:32:26.026796+00:00 WARNING 'ansible_navigator.image_manager.puller._log_message' stdout: 
2023-09-16T13:32:26.026899+00:00 WARNING 'ansible_navigator.image_manager.puller._log_message' stderr: time="2023-09-16T19:02:26+05:30" level=error msg="XDG_RUNTIME_DIR directory \"/run/user/0\" is not owned by the current user"

2023-09-16T13:32:26.050193+00:00 ERROR 'ansible_navigator.image_manager.puller._log_message' Execution environment pull failed
2023-09-16T13:32:26.344810+00:00 CRITICAL 'ansible_navigator.actions.run_202e._handle_message' Unhandled message from runner queue, discarded: {'event': 'verbose', 'uuid': '72adcc84-67a9-4d60-be90-d7f4e40c013a', 'counter': 1, 'stdout': '\x1b[31mERRO\x1b[0m[0000] XDG_RUNTIME_DIR directory "/run/user/0" is not owned by the current user ', 'start_line': 0, 'end_line': 1, 'runner_ident': 'f3695331-c413-41e3-93b5-4e9ebde12039', 'created': '2023-09-16T13:32:26.344208'}
2023-09-16T15:42:50.192589+00:00 CRITICAL 'ansible_navigator.actions.run_afe8._handle_message' Unhandled message from runner queue, discarded: {'event': 'verbose', 'uuid': '34d5f4b7-763c-4ce5-8c5b-07389a48d386', 'counter': 1, 'stdout': '\x1b[0;35m[DEPRECATION WARNING]: Specifying a list of dictionaries for vars is deprecated\x1b[0m', 'start_line': 0, 'end_line': 1, 'runner_ident': '252ee6ef-ad8e-4638-a3e1-4268d14052ec', 'created': '2023-09-16T15:42:50.191899'}
2023-09-16T15:42:50.196165+00:00 CRITICAL 'ansible_navigator.actions.run_afe8._handle_message' Unhandled message from runner queue, discarded: {'event': 'verbose', 'uuid': '9b8a82bd-79f3-4b8f-855f-c4bbd7f55724', 'counter': 2, 'stdout': '\x1b[0;35m in favor of specifying a dictionary. This feature will be removed in version \x1b[0m', 'start_line': 1, 'end_line': 2, 'runner_ident': '252ee6ef-ad8e-4638-a3e1-4268d14052ec', 'created': '2023-09-16T15:42:50.193217'}
2023-09-16T15:42:50.196374+00:00 CRITICAL 'ansible_navigator.actions.run_afe8._handle_message' Unhandled message from runner queue, discarded: {'event': 'verbose', 'uuid': '6964ff81-b4e1-4aab-8f1a-972a58ac0974', 'counter': 3, 'stdout': '\x1b[0;35m2.18. Deprecation warnings can be disabled by setting \x1b[0m', 'start_line': 2, 'end_line': 3, 'runner_ident': '252ee6ef-ad8e-4638-a3e1-4268d14052ec', 'created': '2023-09-16T15:42:50.193451'}
2023-09-16T15:42:50.196517+00:00 CRITICAL 'ansible_navigator.actions.run_afe8._handle_message' Unhandled message from runner queue, discarded: {'event': 'verbose', 'uuid': '39f9ae47-ec48-4458-ae8c-be824e5a69a7', 'counter': 4, 'stdout': '\x1b[0;35mdeprecation_warnings=False in ansible.cfg.\x1b[0m', 'start_line': 3, 'end_line': 4, 'runner_ident': '252ee6ef-ad8e-4638-a3e1-4268d14052ec', 'created': '2023-09-16T15:42:50.193623'}
2023-09-16T15:42:50.411549+00:00 CRITICAL 'ansible_navigator.actions.run_afe8._handle_message' Unhandled message from runner queue, discarded: {'event': 'verbose', 'uuid': '27b9ee27-295a-4cdc-b4d9-eef523e7df4d', 'counter': 5, 'stdout': "\x1b[0;31mERROR! couldn't resolve module/action 'sefcontext'. This often indicates a misspelling, missing collection, or incorrect module path.\x1b[0m", 'start_line': 4, 'end_line': 5, 'runner_ident': '252ee6ef-ad8e-4638-a3e1-4268d14052ec', 'created': '2023-09-16T15:42:50.399123'}
2023-09-16T15:42:50.411774+00:00 CRITICAL 'ansible_navigator.actions.run_afe8._handle_message' Unhandled message from runner queue, discarded: {'event': 'verbose', 'uuid': '66c7c811-7396-40ce-a551-2f0603a6c745', 'counter': 6, 'stdout': '\x1b[0;31m\x1b[0m', 'start_line': 5, 'end_line': 6, 'runner_ident': '252ee6ef-ad8e-4638-a3e1-4268d14052ec', 'created': '2023-09-16T15:42:50.399413'}
2023-09-16T15:42:50.411922+00:00 CRITICAL 'ansible_navigator.actions.run_afe8._handle_message' Unhandled message from runner queue, discarded: {'event': 'verbose', 'uuid': '468f83ab-ee0e-4d6a-a365-f396da32832f', 'counter': 7, 'stdout': "\x1b[0;31mThe error appears to be in '/home/admin/ansible/roles/linux-system-roles.selinux/tasks/main.yml': line 74, column 3, but may\x1b[0m", 'start_line': 6, 'end_line': 7, 'runner_ident': '252ee6ef-ad8e-4638-a3e1-4268d14052ec', 'created': '2023-09-16T15:42:50.399911'}
2023-09-16T15:42:50.412154+00:00 CRITICAL 'ansible_navigator.actions.run_afe8._handle_message' Unhandled message from runner queue, discarded: {'event': 'verbose', 'uuid': '61146af4-9017-4ef4-865e-4e51076fbade', 'counter': 8, 'stdout': '\x1b[0;31mbe elsewhere in the file depending on the exact syntax problem.\x1b[0m', 'start_line': 7, 'end_line': 8, 'runner_ident': '252ee6ef-ad8e-4638-a3e1-4268d14052ec', 'created': '2023-09-16T15:42:50.400112'}
2023-09-16T15:42:50.412288+00:00 CRITICAL 'ansible_navigator.actions.run_afe8._handle_message' Unhandled message from runner queue, discarded: {'event': 'verbose', 'uuid': '77791fa9-b351-4bed-a2a3-bdd2fa7d7c27', 'counter': 9, 'stdout': '\x1b[0;31m\x1b[0m', 'start_line': 8, 'end_line': 9, 'runner_ident': '252ee6ef-ad8e-4638-a3e1-4268d14052ec', 'created': '2023-09-16T15:42:50.400237'}
2023-09-16T15:42:50.412444+00:00 CRITICAL 'ansible_navigator.actions.run_afe8._handle_message' Unhandled message from runner queue, discarded: {'event': 'verbose', 'uuid': '98ac946d-8cd6-4afd-ab5f-0d550daa1f01', 'counter': 10, 'stdout': '\x1b[0;31mThe offending line appears to be:\x1b[0m', 'start_line': 9, 'end_line': 10, 'runner_ident': '252ee6ef-ad8e-4638-a3e1-4268d14052ec', 'created': '2023-09-16T15:42:50.400357'}
2023-09-16T15:42:50.412581+00:00 CRITICAL 'ansible_navigator.actions.run_afe8._handle_message' Unhandled message from runner queue, discarded: {'event': 'verbose', 'uuid': 'b73fc064-b36a-4595-8b74-ef5bf4fbb93a', 'counter': 11, 'stdout': '\x1b[0;31m\x1b[0m', 'start_line': 10, 'end_line': 11, 'runner_ident': '252ee6ef-ad8e-4638-a3e1-4268d14052ec', 'created': '2023-09-16T15:42:50.400895'}
2023-09-16T15:42:50.412706+00:00 CRITICAL 'ansible_navigator.actions.run_afe8._handle_message' Unhandled message from runner queue, discarded: {'event': 'verbose', 'uuid': '119ce4db-8357-4136-a96a-83d1cda3954a', 'counter': 12, 'stdout': '\x1b[0;31m\x1b[0m', 'start_line': 11, 'end_line': 12, 'runner_ident': '252ee6ef-ad8e-4638-a3e1-4268d14052ec', 'created': '2023-09-16T15:42:50.401130'}
2023-09-16T15:42:50.412831+00:00 CRITICAL 'ansible_navigator.actions.run_afe8._handle_message' Unhandled message from runner queue, discarded: {'event': 'verbose', 'uuid': '2960c87d-4b22-487d-9d25-061615f899ca', 'counter': 13, 'stdout': '\x1b[0;31m- name: Set SELinux file contexts\x1b[0m', 'start_line': 12, 'end_line': 13, 'runner_ident': '252ee6ef-ad8e-4638-a3e1-4268d14052ec', 'created': '2023-09-16T15:42:50.401273'}
2023-09-16T15:42:50.413040+00:00 CRITICAL 'ansible_navigator.actions.run_afe8._handle_message' Unhandled message from runner queue, discarded: {'event': 'verbose', 'uuid': '82d02df6-f8f5-4ae4-86de-3c76298113f1', 'counter': 14, 'stdout': '\x1b[0;31m  ^ here\x1b[0m', 'start_line': 13, 'end_line': 14, 'runner_ident': '252ee6ef-ad8e-4638-a3e1-4268d14052ec', 'created': '2023-09-16T15:42:50.401401'}
